This is pdfTeX, Version 3.1415926-1.40.10 (TeX Live 2009/Debian) (format=pdflatex 2010.5.10)  12 JUN 2010 23:08
entering extended mode
 restricted \write18 enabled.
 %&-line parsing enabled.
**GeneticAlgorithm.tex
(./GeneticAlgorithm.tex
LaTeX2e <2009/09/24>
Babel <v3.8l> and hyphenation patterns for english, usenglishmax, dumylang, noh
yphenation, loaded.
(/usr/share/texmf-texlive/tex/latex/base/article.cls
Document Class: article 2007/10/19 v1.4h Standard LaTeX document class
(/usr/share/texmf-texlive/tex/latex/base/size11.clo
File: size11.clo 2007/10/19 v1.4h Standard LaTeX file (size option)
)
\c@part=\count79
\c@section=\count80
\c@subsection=\count81
\c@subsubsection=\count82
\c@paragraph=\count83
\c@subparagraph=\count84
\c@figure=\count85
\c@table=\count86
\abovecaptionskip=\skip41
\belowcaptionskip=\skip42
\bibindent=\dimen102
)
(/usr/share/texmf-texlive/tex/latex/tools/enumerate.sty
Package: enumerate 1999/03/05 v3.00 enumerate extensions (DPC)
\@enLab=\toks14
)
(/usr/share/texmf-texlive/tex/latex/tools/verbatim.sty
Package: verbatim 2003/08/22 v1.5q LaTeX2e package for verbatim enhancements
\every@verbatim=\toks15
\verbatim@line=\toks16
\verbatim@in@stream=\read1
)
(/usr/share/texmf-texlive/tex/latex/amsfonts/amssymb.sty
Package: amssymb 2009/06/22 v3.00

(/usr/share/texmf-texlive/tex/latex/amsfonts/amsfonts.sty
Package: amsfonts 2009/06/22 v3.00 Basic AMSFonts support
\@emptytoks=\toks17
\symAMSa=\mathgroup4
\symAMSb=\mathgroup5
LaTeX Font Info:    Overwriting math alphabet `\mathfrak' in version `bold'
(Font)                  U/euf/m/n --> U/euf/b/n on input line 96.
))
(/usr/share/texmf-texlive/tex/latex/amsmath/amsmath.sty
Package: amsmath 2000/07/18 v2.13 AMS math features
\@mathmargin=\skip43

For additional information on amsmath, use the `?' option.
(/usr/share/texmf-texlive/tex/latex/amsmath/amstext.sty
Package: amstext 2000/06/29 v2.01

(/usr/share/texmf-texlive/tex/latex/amsmath/amsgen.sty
File: amsgen.sty 1999/11/30 v2.0
\@emptytoks=\toks18
\ex@=\dimen103
))
(/usr/share/texmf-texlive/tex/latex/amsmath/amsbsy.sty
Package: amsbsy 1999/11/29 v1.2d
\pmbraise@=\dimen104
)
(/usr/share/texmf-texlive/tex/latex/amsmath/amsopn.sty
Package: amsopn 1999/12/14 v2.01 operator names
)
\inf@bad=\count87
LaTeX Info: Redefining \frac on input line 211.
\uproot@=\count88
\leftroot@=\count89
LaTeX Info: Redefining \overline on input line 307.
\classnum@=\count90
\DOTSCASE@=\count91
LaTeX Info: Redefining \ldots on input line 379.
LaTeX Info: Redefining \dots on input line 382.
LaTeX Info: Redefining \cdots on input line 467.
\Mathstrutbox@=\box26
\strutbox@=\box27
\big@size=\dimen105
LaTeX Font Info:    Redeclaring font encoding OML on input line 567.
LaTeX Font Info:    Redeclaring font encoding OMS on input line 568.
\macc@depth=\count92
\c@MaxMatrixCols=\count93
\dotsspace@=\muskip10
\c@parentequation=\count94
\dspbrk@lvl=\count95
\tag@help=\toks19
\row@=\count96
\column@=\count97
\maxfields@=\count98
\andhelp@=\toks20
\eqnshift@=\dimen106
\alignsep@=\dimen107
\tagshift@=\dimen108
\tagwidth@=\dimen109
\totwidth@=\dimen110
\lineht@=\dimen111
\@envbody=\toks21
\multlinegap=\skip44
\multlinetaggap=\skip45
\mathdisplay@stack=\toks22
LaTeX Info: Redefining \[ on input line 2666.
LaTeX Info: Redefining \] on input line 2667.
)

LaTeX Warning: Unused global option(s):
    [pdftex].

(./GeneticAlgorithm.aux)
\openout1 = `GeneticAlgorithm.aux'.

LaTeX Font Info:    Checking defaults for OML/cmm/m/it on input line 8.
LaTeX Font Info:    ... okay on input line 8.
LaTeX Font Info:    Checking defaults for T1/cmr/m/n on input line 8.
LaTeX Font Info:    ... okay on input line 8.
LaTeX Font Info:    Checking defaults for OT1/cmr/m/n on input line 8.
LaTeX Font Info:    ... okay on input line 8.
LaTeX Font Info:    Checking defaults for OMS/cmsy/m/n on input line 8.
LaTeX Font Info:    ... okay on input line 8.
LaTeX Font Info:    Checking defaults for OMX/cmex/m/n on input line 8.
LaTeX Font Info:    ... okay on input line 8.
LaTeX Font Info:    Checking defaults for U/cmr/m/n on input line 8.
LaTeX Font Info:    ... okay on input line 8.
LaTeX Font Info:    Try loading font information for U+msa on input line 9.
 (/usr/share/texmf-texlive/tex/latex/amsfonts/umsa.fd
File: umsa.fd 2009/06/22 v3.00 AMS symbols A
)
LaTeX Font Info:    Try loading font information for U+msb on input line 9.

(/usr/share/texmf-texlive/tex/latex/amsfonts/umsb.fd
File: umsb.fd 2009/06/22 v3.00 AMS symbols B
)
Overfull \hbox (2.47954pt too wide) in paragraph at lines 10--10
[]\OT1/cmr/bx/n/14.4 NAIS: A Cal-i-brated Im-mune In-spired Al-go-rithm
 []


Overfull \hbox (249.3609pt too wide) in paragraph at lines 13--13
[]  \OT1/cmtt/m/n/10.95 title = {NAIS: A Calibrated Immune Inspired Algorithm t
o Solve Binary Constraint Satisfaction Problems},[] 
 []

Missing character: There is no Ã in font cmtt10!
Missing character: There is no ­ in font cmtt10!

Overfull \hbox (53.90552pt too wide) in paragraph at lines 14--14
[]  \OT1/cmtt/m/n/10.95 author = {Marcos Zuniga and Mara-Cristina Riff and Eliz
abeth Montero},[] 
 []


Overfull \hbox (410.32416pt too wide) in paragraph at lines 18--18
[]  \OT1/cmtt/m/n/10.95 booktitle = {Artificial Immune Systems, 6th Internation
al Conference, ICARIS 2007, Santos, Brazil, August 26-29, 2007, Proceedings},[]
 
 []


Overfull \hbox (105.6437pt too wide) in paragraph at lines 19--19
[]  \OT1/cmtt/m/n/10.95 editor = {Leandro Nunes de Castro and Fernando J. Von Z
uben and Helder Knidel},[] 
 []


Overfull \hbox (295.3504pt too wide) in paragraph at lines 31--31
[] \OT1/cmtt/m/n/10.95 author = {H\"{a}m\"{a}l\"{a}inen, Timo and Klapuri, Harr
i and Saarinen, Jukka and Ojala, Pekka and Kaski, Kimmo},[] 
 []


Overfull \hbox (140.13583pt too wide) in paragraph at lines 32--32
[] \OT1/cmtt/m/n/10.95 title = {Accelerating genetic algorithm computation in t
ree shaped parallel computer},[] 
 []

[1

{/var/lib/texmf/fonts/map/pdftex/updmap/pdftex.map}] [2]
Overfull \hbox (324.09384pt too wide) in paragraph at lines 58--58
[]    \OT1/cmtt/m/n/10.95 Article Title  - A combined branch-and-bound and gene
tic algorithm based approach for a flowshop scheduling problem[] 
 []


Overfull \hbox (7.91602pt too wide) in paragraph at lines 68--68
[]    \OT1/cmtt/m/n/10.95 Link  - http://www.springerlink.com/content/TQH4417L1
6381R67[] 
 []

[3]
LaTeX Font Info:    Try loading font information for OMS+cmr on input line 77.
 (/usr/share/texmf-texlive/tex/latex/base/omscmr.fd
File: omscmr.fd 1999/05/25 v2.5h Standard LaTeX font definitions
)
LaTeX Font Info:    Font shape `OMS/cmr/m/n' in size <10.95> not available
(Font)              Font shape `OMS/cmsy/m/n' tried instead on input line 77.
 [4] [5] [6]
Overfull \hbox (117.14108pt too wide) in paragraph at lines 116--116
[]\OT1/cmtt/m/n/10.95 title = "Adaptive simulated annealing genetic algorithm f
or system identification",[] 
 []


Overfull \hbox (7.91602pt too wide) in paragraph at lines 117--117
[]\OT1/cmtt/m/n/10.95 journal = "Engineering Applications of Artificial Intelli
gence",[] 
 []


Overfull \hbox (237.86353pt too wide) in paragraph at lines 124--124
[]\OT1/cmtt/m/n/10.95 url = "http://www.sciencedirect.com/science/article/B6V2M
-3WC4CC5-5/2/7a00b8f29ed3dc1da0dd7d196dccf2e0",[] 
 []

[7] [8] [9]
Overfull \hbox (237.86353pt too wide) in paragraph at lines 162--162
[] \OT1/cmtt/m/n/10.95 title = {A distributed hierarchical genetic algorithm fo
r efficient optimization and pattern matching},[] 
 []

[10]
Overfull \hbox (6.55446pt too wide) in paragraph at lines 181--181
[]\OT1/cmr/bx/n/14.4 A fam-ily of ge-netic al-go-rithm pack-ages on a work-
 []


Overfull \hbox (301.09909pt too wide) in paragraph at lines 185--185
[] \OT1/cmtt/m/n/10.95 title = {A family of genetic algorithm packages on a wor
kstation for solving combinatorial optimization problems},[] 
 []

[11] [12] [13] (./GeneticAlgorithm.aux) ) 
Here is how much of TeX's memory you used:
 1185 strings out of 495061
 13343 string characters out of 1182621
 62837 words of memory out of 3000000
 4391 multiletter control sequences out of 15000+50000
 10875 words of font info for 41 fonts, out of 3000000 for 9000
 28 hyphenation exceptions out of 8191
 27i,6n,24p,1609b,257s stack positions out of 5000i,500n,10000p,200000b,50000s
</usr/share/texmf-texlive/fonts/type1/
public/amsfonts/cm/cmbx10.pfb></usr/share/texmf-texlive/fonts/type1/public/amsf
onts/cm/cmbx12.pfb></usr/share/texmf-texlive/fonts/type1/public/amsfonts/cm/cmr
10.pfb></usr/share/texmf-texlive/fonts/type1/public/amsfonts/cm/cmr12.pfb></usr
/share/texmf-texlive/fonts/type1/public/amsfonts/cm/cmr17.pfb></usr/share/texmf
-texlive/fonts/type1/public/amsfonts/cm/cmsy10.pfb></usr/share/texmf-texlive/fo
nts/type1/public/amsfonts/cm/cmti10.pfb></usr/share/texmf-texlive/fonts/type1/p
ublic/amsfonts/cm/cmtt10.pfb>
Output written on GeneticAlgorithm.pdf (13 pages, 148811 bytes).
PDF statistics:
 77 PDF objects out of 1000 (max. 8388607)
 0 named destinations out of 1000 (max. 500000)
 1 words of extra memory for PDF output out of 10000 (max. 10000000)

