This is pdfTeXk, Version 3.141592-1.40.3 (Web2C 7.5.6) (format=latex 2009.7.31)  5 SEP 2009 19:24
entering extended mode
 %&-line parsing enabled.
**graphics-drivers.ins
(./graphics-drivers.ins
LaTeX2e <2005/12/01>
Babel <v3.8h> and hyphenation patterns for english, usenglishmax, dumylang, noh
yphenation, loaded.
(/usr/share/texmf-texlive/tex/latex/base/docstrip.tex
\blockLevel=\count79
\emptyLines=\count80
\processedLines=\count81
\commentsRemoved=\count82
\commentsPassed=\count83
\codeLinesPassed=\count84
\TotalprocessedLines=\count85
\TotalcommentsRemoved=\count86
\TotalcommentsPassed=\count87
\TotalcodeLinesPassed=\count88
\NumberOfFiles=\count89
\inFile=\read1
\inputcheck=\read2
\off@0=\count90
\off@1=\count91
\off@2=\count92
\off@3=\count93
\off@4=\count94
\off@5=\count95
\off@6=\count96
\off@7=\count97
\off@8=\count98
\off@9=\count99
\off@10=\count100
\off@11=\count101
\off@12=\count102
\off@13=\count103
\off@14=\count104
\off@15=\count105
\@maxfiles=\count106
\@maxoutfiles=\count107

Utility: `docstrip' 2.5d <2005/07/29>
English documentation    <1999/03/31>

**********************************************************
* This program converts documented macro-files into fast *
* loadable files by stripping off (nearly) all comments! *
**********************************************************

********************************************************
* No Configuration file found, using default settings. *
********************************************************

)

Generating file(s) ./dvips.def ./dvipdf.def ./dvipsone.def ./dviwin.def ./emtex
.def ./pctexps.def ./pctex32.def ./pctexhp.def ./pctexwin.def ./truetex.def ./t
cidvi.def ./dvipsnam.def 
\openout0 = `./dvips.def'.

\openout1 = `./dvipdf.def'.

\openout2 = `./dvipsone.def'.

\openout3 = `./dviwin.def'.

\openout4 = `./emtex.def'.

\openout5 = `./pctexps.def'.

\openout6 = `./pctex32.def'.

\openout7 = `./pctexhp.def'.

\openout8 = `./pctexwin.def'.

\openout9 = `./truetex.def'.

\openout10 = `./tcidvi.def'.

\openout11 = `./dvipsnam.def'.


Processing file drivers.dtx (dvips,color1,psrulesZ,dosrules,macrules) -> dvips.
def
                            (dvipdf,color1,psrulesZ) -> dvipdf.def
                            (tiffrules,dvipsone,color1,dosrules,psrules) -> dvi
psone.def
                            (dviwin,nops) -> dviwin.def
                            (emtex,dosrules,nops) -> emtex.def
                            (pctexps,color3,colorfix) -> pctexps.def
                            (pctex32,color1) -> pctex32.def
                            (pctexhp,nops) -> pctexhp.def
                            (pctexwin,nops) -> pctexwin.def
                            (truetex,color4,nops) -> truetex.def
                            (tcidvi,color4,nops) -> tcidvi.def
                            (dvipsnames) -> dvipsnam.def
Lines  processed: 1662
Comments removed: 761
Comments  passed: 8
Codelines passed: 735

 ) 
Here is how much of TeX's memory you used:
 444 strings out of 95087
 4558 string characters out of 1183278
 54620 words of memory out of 1500000
 3698 multiletter control sequences out of 10000+50000
 3640 words of font info for 14 fonts, out of 1200000 for 2000
 28 hyphenation exceptions out of 8191
 13i,0n,15p,134b,261s stack positions out of 5000i,500n,6000p,200000b,5000s

No pages of output.
